<?xml version="1.0" encoding="UTF-8"?>
<testsuite name="com.calculate.volume.service.volume.SphereTest" tests="2" skipped="0" failures="0" errors="0" timestamp="2024-06-01T21:39:51" hostname="BAAZ" time="0.005">
  <properties/>
  <testcase name="testCalculateVolume()" classname="com.calculate.volume.service.volume.SphereTest" time="0.003"/>
  <testcase name="testCalculateVolumeWithNegativeRadius()" classname="com.calculate.volume.service.volume.SphereTest" time="0.002"/>
  <system-out><![CDATA[]]></system-out>
  <system-err><![CDATA[]]></system-err>
</testsuite>
