<?xml version="1.0" encoding="UTF-8"?>
<testsuite name="com.calculate.volume.VolumeApplicationTests" tests="1" skipped="0" failures="0" errors="0" timestamp="2024-06-01T21:39:50" hostname="BAAZ" time="0.528">
  <properties/>
  <testcase name="contextLoads()" classname="com.calculate.volume.VolumeApplicationTests" time="0.528"/>
  <system-out><![CDATA[17:39:49.374 [Test worker] INFO org.springframework.test.context.support.AnnotationConfigContextLoaderUtils -- Could not detect default configuration classes for test class [com.calculate.volume.VolumeApplicationTests]: VolumeApplicationTests does not declare any static, non-private, non-final, nested classes annotated with @Configuration.
17:39:49.440 [Test worker] INFO org.springframework.boot.test.context.SpringBootTestContextBootstrapper -- Found @SpringBootConfiguration com.calculate.volume.VolumeApplication for test class com.calculate.volume.VolumeApplicationTests
  .   ____          _            __ _ _
 /\\ / ___'_ __ _ _(_)_ __  __ _ \ \ \ \
( ( )\___ | '_ | '_| | '_ \/ _` | \ \ \ \
 \\/  ___)| |_)| | | | | || (_| |  ) ) ) )
  '  |____| .__|_| |_|_| |_\__, | / / / /
 =========|_|==============|___/=/_/_/_/

 :: Spring Boot ::                (v3.3.0)

2024-06-01T17:39:49.681-04:00  INFO 8720 --- [volume] [    Test worker] c.c.volume.VolumeApplicationTests        : Starting VolumeApplicationTests using Java 17.0.2 with PID 8720 (started by herma in C:\Users\herma\OneDrive\Desktop\Development\volume)
2024-06-01T17:39:49.681-04:00  INFO 8720 --- [volume] [    Test worker] c.c.volume.VolumeApplicationTests        : No active profile set, falling back to 1 default profile: "default"
2024-06-01T17:39:50.456-04:00  INFO 8720 --- [volume] [    Test worker] c.c.volume.VolumeApplicationTests        : Started VolumeApplicationTests in 0.919 seconds (process running for 1.667)
]]></system-out>
  <system-err><![CDATA[]]></system-err>
</testsuite>
